<?xml version="1.0" encoding="UTF-8"?>
<testng-results skipped="0" failed="0" ignored="0" total="1" passed="1">
  <reporter-output>
  </reporter-output>
  <suite name="Default suite" duration-ms="25665" started-at="2019-07-04T21:36:20Z" finished-at="2019-07-04T21:36:45Z">
    <groups>
    </groups>
    <test name="Default test" duration-ms="25665" started-at="2019-07-04T21:36:20Z" finished-at="2019-07-04T21:36:45Z">
      <class name="Application.LoginApplication">
        <test-method status="PASS" signature="Login()[pri:0, instance:Application.LoginApplication@62ee68d8]" name="Login" duration-ms="25637" started-at="2019-07-04T21:36:20Z" finished-at="2019-07-04T21:36:45Z">
          <reporter-output>
          </reporter-output>
        </test-method> <!-- Login -->
      </class> <!-- Application.LoginApplication -->
    </test> <!-- Default test -->
  </suite> <!-- Default suite -->
</testng-results>
